  stdafx.cpp
c:\users\takay\documents\github\directxlesson\normalmapdemo\answer\game\stdafx.h(12): fatal error C1083: include ファイルを開けません。'btBulletDynamicsCommon.h':No such file or directory
  Player.cpp
c:\users\takay\documents\github\directxlesson\normalmapdemo\answer\game\stdafx.h(12): fatal error C1083: include ファイルを開けません。'btBulletDynamicsCommon.h':No such file or directory
  main.cpp
c:\users\takay\documents\github\directxlesson\normalmapdemo\answer\game\stdafx.h(12): fatal error C1083: include ファイルを開けません。'btBulletDynamicsCommon.h':No such file or directory
  System.cpp
c:\users\takay\documents\github\directxlesson\normalmapdemo\answer\game\stdafx.h(12): fatal error C1083: include ファイルを開けません。'btBulletDynamicsCommon.h':No such file or directory
  SkinModelData.cpp
c:\users\takay\documents\github\directxlesson\normalmapdemo\answer\game\stdafx.h(12): fatal error C1083: include ファイルを開けません。'btBulletDynamicsCommon.h':No such file or directory
  SkinModel.cpp
c:\users\takay\documents\github\directxlesson\normalmapdemo\answer\game\stdafx.h(12): fatal error C1083: include ファイルを開けません。'btBulletDynamicsCommon.h':No such file or directory
  EffectManager.cpp
c:\users\takay\documents\github\directxlesson\normalmapdemo\answer\game\stdafx.h(12): fatal error C1083: include ファイルを開けません。'btBulletDynamicsCommon.h':No such file or directory
  Camera.cpp
c:\users\takay\documents\github\directxlesson\normalmapdemo\answer\game\stdafx.h(12): fatal error C1083: include ファイルを開けません。'btBulletDynamicsCommon.h':No such file or directory
  Animation.cpp
c:\users\takay\documents\github\directxlesson\normalmapdemo\answer\game\stdafx.h(12): fatal error C1083: include ファイルを開けません。'btBulletDynamicsCommon.h':No such file or directory
  game.cpp
c:\users\takay\documents\github\directxlesson\normalmapdemo\answer\game\stdafx.h(12): fatal error C1083: include ファイルを開けません。'btBulletDynamicsCommon.h':No such file or directory
  コードを生成中...
